{"/Users/fleviankanaiza/Documents/cp2/cp2-document-management-system/app.js":{"path":"/Users/fleviankanaiza/Documents/cp2/cp2-document-management-system/app.js","s":{"1":1,"2":1,"3":1,"4":1,"5":1,"6":1,"7":1,"8":1,"9":1,"10":1,"11":1,"12":0,"13":1,"14":1},"b":{"1":[1,1]},"f":{},"fnMap":{},"statementMap":{"1":{"start":{"line":1,"column":0},"end":{"line":1,"column":35}},"2":{"start":{"line":2,"column":0},"end":{"line":2,"column":33}},"3":{"start":{"line":3,"column":0},"end":{"line":3,"column":42}},"4":{"start":{"line":6,"column":0},"end":{"line":6,"column":22}},"5":{"start":{"line":7,"column":0},"end":{"line":7,"column":52}},"6":{"start":{"line":8,"column":0},"end":{"line":8,"column":22}},"7":{"start":{"line":11,"column":0},"end":{"line":11,"column":23}},"8":{"start":{"line":13,"column":0},"end":{"line":13,"column":27}},"9":{"start":{"line":14,"column":0},"end":{"line":14,"column":52}},"10":{"start":{"line":17,"column":0},"end":{"line":17,"column":38}},"11":{"start":{"line":20,"column":0},"end":{"line":22,"column":4}},"12":{"start":{"line":20,"column":27},"end":{"line":22,"column":2}},"13":{"start":{"line":24,"column":0},"end":{"line":24,"column":17}},"14":{"start":{"line":25,"column":0},"end":{"line":25,"column":21}}},"branchMap":{"1":{"line":7,"type":"binary-expr","locations":[{"start":{"line":7,"column":13},"end":{"line":7,"column":43}},{"start":{"line":7,"column":47},"end":{"line":7,"column":51}}]}}},"/Users/fleviankanaiza/Documents/cp2/cp2-document-management-system/server/routes/route.js":{"path":"/Users/fleviankanaiza/Documents/cp2/cp2-document-management-system/server/routes/route.js","s":{"1":1,"2":1,"3":1,"4":1,"5":1,"6":1,"7":1,"8":1,"9":1,"10":1,"11":1,"12":1,"13":1,"14":1,"15":1,"16":1,"17":1,"18":1,"19":1,"20":1,"21":1,"22":1,"23":1,"24":1,"25":1,"26":1,"27":1,"28":1},"b":{},"f":{},"fnMap":{},"statementMap":{"1":{"start":{"line":1,"column":0},"end":{"line":1,"column":56}},"2":{"start":{"line":2,"column":0},"end":{"line":2,"column":56}},"3":{"start":{"line":3,"column":0},"end":{"line":3,"column":64}},"4":{"start":{"line":4,"column":0},"end":{"line":4,"column":72}},"5":{"start":{"line":6,"column":0},"end":{"line":6,"column":36}},"6":{"start":{"line":7,"column":0},"end":{"line":7,"column":51}},"7":{"start":{"line":9,"column":0},"end":{"line":39,"column":2}},"8":{"start":{"line":10,"column":2},"end":{"line":10,"column":62}},"9":{"start":{"line":11,"column":2},"end":{"line":11,"column":50}},"10":{"start":{"line":13,"column":2},"end":{"line":13,"column":47}},"11":{"start":{"line":15,"column":2},"end":{"line":15,"column":58}},"12":{"start":{"line":16,"column":2},"end":{"line":16,"column":59}},"13":{"start":{"line":17,"column":2},"end":{"line":17,"column":70}},"14":{"start":{"line":18,"column":2},"end":{"line":18,"column":68}},"15":{"start":{"line":19,"column":2},"end":{"line":19,"column":72}},"16":{"start":{"line":20,"column":2},"end":{"line":20,"column":72}},"17":{"start":{"line":21,"column":2},"end":{"line":21,"column":67}},"18":{"start":{"line":23,"column":2},"end":{"line":23,"column":49}},"19":{"start":{"line":25,"column":2},"end":{"line":25,"column":35}},"20":{"start":{"line":27,"column":2},"end":{"line":27,"column":49}},"21":{"start":{"line":28,"column":2},"end":{"line":28,"column":46}},"22":{"start":{"line":29,"column":2},"end":{"line":29,"column":60}},"23":{"start":{"line":31,"column":2},"end":{"line":31,"column":52}},"24":{"start":{"line":32,"column":2},"end":{"line":32,"column":58}},"25":{"start":{"line":33,"column":2},"end":{"line":33,"column":56}},"26":{"start":{"line":34,"column":2},"end":{"line":34,"column":60}},"27":{"start":{"line":35,"column":2},"end":{"line":35,"column":60}},"28":{"start":{"line":37,"column":2},"end":{"line":37,"column":51}}},"branchMap":{}},"/Users/fleviankanaiza/Documents/cp2/cp2-document-management-system/server/controllers/index.js":{"path":"/Users/fleviankanaiza/Documents/cp2/cp2-document-management-system/server/controllers/index.js","s":{"1":1,"2":1,"3":1,"4":1,"5":1},"b":{},"f":{},"fnMap":{},"statementMap":{"1":{"start":{"line":1,"column":0},"end":{"line":1,"column":32}},"2":{"start":{"line":2,"column":0},"end":{"line":2,"column":32}},"3":{"start":{"line":3,"column":0},"end":{"line":3,"column":40}},"4":{"start":{"line":4,"column":0},"end":{"line":4,"column":48}},"5":{"start":{"line":6,"column":0},"end":{"line":11,"column":2}}},"branchMap":{}},"/Users/fleviankanaiza/Documents/cp2/cp2-document-management-system/server/controllers/role.js":{"path":"/Users/fleviankanaiza/Documents/cp2/cp2-document-management-system/server/controllers/role.js","s":{"1":1,"2":1,"3":4,"4":3,"5":1,"6":1,"7":1,"8":0,"9":2,"10":2,"11":1,"12":1,"13":1,"14":0,"15":0},"b":{"1":[1,1]},"f":{"1":4,"2":1,"3":2},"fnMap":{"1":{"name":"(anonymous_1)","line":4,"loc":{"start":{"line":4,"column":8},"end":{"line":4,"column":19}}},"2":{"name":"(anonymous_2)","line":13,"loc":{"start":{"line":13,"column":6},"end":{"line":13,"column":17}}},"3":{"name":"(anonymous_3)","line":20,"loc":{"start":{"line":20,"column":9},"end":{"line":20,"column":20}}}},"statementMap":{"1":{"start":{"line":1,"column":0},"end":{"line":1,"column":39}},"2":{"start":{"line":3,"column":0},"end":{"line":36,"column":2}},"3":{"start":{"line":5,"column":4},"end":{"line":10,"column":51}},"4":{"start":{"line":9,"column":20},"end":{"line":9,"column":46}},"5":{"start":{"line":10,"column":22},"end":{"line":10,"column":49}},"6":{"start":{"line":14,"column":4},"end":{"line":17,"column":51}},"7":{"start":{"line":16,"column":20},"end":{"line":16,"column":46}},"8":{"start":{"line":17,"column":22},"end":{"line":17,"column":49}},"9":{"start":{"line":21,"column":4},"end":{"line":34,"column":51}},"10":{"start":{"line":24,"column":8},"end":{"line":28,"column":9}},"11":{"start":{"line":25,"column":10},"end":{"line":27,"column":13}},"12":{"start":{"line":29,"column":8},"end":{"line":32,"column":55}},"13":{"start":{"line":31,"column":22},"end":{"line":31,"column":44}},"14":{"start":{"line":32,"column":26},"end":{"line":32,"column":53}},"15":{"start":{"line":34,"column":22},"end":{"line":34,"column":49}}},"branchMap":{"1":{"line":24,"type":"if","locations":[{"start":{"line":24,"column":8},"end":{"line":24,"column":8}},{"start":{"line":24,"column":8},"end":{"line":24,"column":8}}]}}},"/Users/fleviankanaiza/Documents/cp2/cp2-document-management-system/server/models/index.js":{"path":"/Users/fleviankanaiza/Documents/cp2/cp2-document-management-system/server/models/index.js","s":{"1":1,"2":1,"3":1,"4":1,"5":1,"6":1,"7":1,"8":1,"9":1,"10":0,"11":1,"12":1,"13":5,"14":3,"15":3,"16":1,"17":3,"18":3,"19":1,"20":1,"21":1},"b":{"1":[1,0],"2":[0,1],"3":[5,4,3],"4":[3,0]},"f":{},"fnMap":{},"statementMap":{"1":{"start":{"line":1,"column":0},"end":{"line":1,"column":25}},"2":{"start":{"line":2,"column":0},"end":{"line":2,"column":29}},"3":{"start":{"line":3,"column":0},"end":{"line":3,"column":39}},"4":{"start":{"line":4,"column":0},"end":{"line":4,"column":48}},"5":{"start":{"line":5,"column":0},"end":{"line":5,"column":50}},"6":{"start":{"line":6,"column":0},"end":{"line":6,"column":66}},"7":{"start":{"line":7,"column":0},"end":{"line":7,"column":14}},"8":{"start":{"line":9,"column":0},"end":{"line":9,"column":14}},"9":{"start":{"line":10,"column":0},"end":{"line":16,"column":1}},"10":{"start":{"line":11,"column":2},"end":{"line":11,"column":66}},"11":{"start":{"line":13,"column":2},"end":{"line":15,"column":4}},"12":{"start":{"line":18,"column":0},"end":{"line":27,"column":5}},"13":{"start":{"line":21,"column":4},"end":{"line":23,"column":30}},"14":{"start":{"line":25,"column":4},"end":{"line":25,"column":63}},"15":{"start":{"line":26,"column":4},"end":{"line":26,"column":27}},"16":{"start":{"line":29,"column":0},"end":{"line":33,"column":3}},"17":{"start":{"line":30,"column":2},"end":{"line":32,"column":3}},"18":{"start":{"line":31,"column":4},"end":{"line":31,"column":32}},"19":{"start":{"line":35,"column":0},"end":{"line":35,"column":25}},"20":{"start":{"line":36,"column":0},"end":{"line":36,"column":25}},"21":{"start":{"line":38,"column":0},"end":{"line":38,"column":20}}},"branchMap":{"1":{"line":5,"type":"binary-expr","locations":[{"start":{"line":5,"column":12},"end":{"line":5,"column":32}},{"start":{"line":5,"column":36},"end":{"line":5,"column":49}}]},"2":{"line":10,"type":"if","locations":[{"start":{"line":10,"column":0},"end":{"line":10,"column":0}},{"start":{"line":10,"column":0},"end":{"line":10,"column":0}}]},"3":{"line":21,"type":"binary-expr","locations":[{"start":{"line":21,"column":5},"end":{"line":21,"column":28}},{"start":{"line":22,"column":5},"end":{"line":22,"column":22}},{"start":{"line":23,"column":5},"end":{"line":23,"column":29}}]},"4":{"line":30,"type":"if","locations":[{"start":{"line":30,"column":2},"end":{"line":30,"column":2}},{"start":{"line":30,"column":2},"end":{"line":30,"column":2}}]}}},"/Users/fleviankanaiza/Documents/cp2/cp2-document-management-system/server/models/document.js":{"path":"/Users/fleviankanaiza/Documents/cp2/cp2-document-management-system/server/models/document.js","s":{"1":1,"2":1,"3":1,"4":1},"b":{},"f":{},"fnMap":{},"statementMap":{"1":{"start":{"line":2,"column":0},"end":{"line":34,"column":2}},"2":{"start":{"line":3,"column":2},"end":{"line":32,"column":7}},"3":{"start":{"line":26,"column":10},"end":{"line":29,"column":13}},"4":{"start":{"line":33,"column":2},"end":{"line":33,"column":18}}},"branchMap":{}},"/Users/fleviankanaiza/Documents/cp2/cp2-document-management-system/server/models/role.js":{"path":"/Users/fleviankanaiza/Documents/cp2/cp2-document-management-system/server/models/role.js","s":{"1":1,"2":1,"3":1,"4":1},"b":{},"f":{},"fnMap":{},"statementMap":{"1":{"start":{"line":2,"column":0},"end":{"line":22,"column":2}},"2":{"start":{"line":3,"column":2},"end":{"line":20,"column":7}},"3":{"start":{"line":14,"column":10},"end":{"line":17,"column":13}},"4":{"start":{"line":21,"column":2},"end":{"line":21,"column":14}}},"branchMap":{}},"/Users/fleviankanaiza/Documents/cp2/cp2-document-management-system/server/models/user.js":{"path":"/Users/fleviankanaiza/Documents/cp2/cp2-document-management-system/server/models/user.js","s":{"1":1,"2":1,"3":1,"4":1,"5":1},"b":{},"f":{},"fnMap":{},"statementMap":{"1":{"start":{"line":2,"column":0},"end":{"line":45,"column":2}},"2":{"start":{"line":3,"column":2},"end":{"line":43,"column":7}},"3":{"start":{"line":33,"column":10},"end":{"line":36,"column":13}},"4":{"start":{"line":37,"column":10},"end":{"line":40,"column":13}},"5":{"start":{"line":44,"column":2},"end":{"line":44,"column":14}}},"branchMap":{}},"/Users/fleviankanaiza/Documents/cp2/cp2-document-management-system/server/controllers/user.js":{"path":"/Users/fleviankanaiza/Documents/cp2/cp2-document-management-system/server/controllers/user.js","s":{"1":1,"2":1,"3":1,"4":1,"5":1,"6":4,"7":1,"8":3,"9":2,"10":1,"11":4,"12":3,"13":2,"14":1,"15":1,"16":1,"17":1,"18":1,"19":0,"20":2,"21":1,"22":0,"23":1,"24":1,"25":5,"26":4,"27":1,"28":3,"29":2,"30":1,"31":1,"32":4,"33":3,"34":2,"35":1,"36":1,"37":0,"38":1,"39":1,"40":1,"41":1,"42":0},"b":{"1":[1,3],"2":[3,1],"3":[4,1],"4":[1,1],"5":[2,2],"6":[0,1],"7":[1,1],"8":[1,3],"9":[4,3],"10":[2,1],"11":[3,1],"12":[1,0]},"f":{"1":4,"2":4,"3":2,"4":5,"5":4,"6":1},"fnMap":{"1":{"name":"(anonymous_1)","line":8,"loc":{"start":{"line":8,"column":8},"end":{"line":8,"column":19}}},"2":{"name":"(anonymous_2)","line":27,"loc":{"start":{"line":27,"column":11},"end":{"line":27,"column":22}}},"3":{"name":"(anonymous_3)","line":50,"loc":{"start":{"line":50,"column":10},"end":{"line":50,"column":21}}},"4":{"name":"(anonymous_4)","line":64,"loc":{"start":{"line":64,"column":8},"end":{"line":64,"column":19}}},"5":{"name":"(anonymous_5)","line":81,"loc":{"start":{"line":81,"column":9},"end":{"line":81,"column":20}}},"6":{"name":"(anonymous_6)","line":98,"loc":{"start":{"line":98,"column":12},"end":{"line":98,"column":23}}}},"statementMap":{"1":{"start":{"line":1,"column":0},"end":{"line":1,"column":39}},"2":{"start":{"line":2,"column":0},"end":{"line":2,"column":49}},"3":{"start":{"line":3,"column":0},"end":{"line":3,"column":33}},"4":{"start":{"line":5,"column":0},"end":{"line":5,"column":15}},"5":{"start":{"line":7,"column":0},"end":{"line":115,"column":2}},"6":{"start":{"line":9,"column":4},"end":{"line":13,"column":5}},"7":{"start":{"line":10,"column":6},"end":{"line":12,"column":9}},"8":{"start":{"line":14,"column":4},"end":{"line":24,"column":51}},"9":{"start":{"line":23,"column":20},"end":{"line":23,"column":46}},"10":{"start":{"line":24,"column":22},"end":{"line":24,"column":49}},"11":{"start":{"line":28,"column":4},"end":{"line":43,"column":5}},"12":{"start":{"line":29,"column":6},"end":{"line":42,"column":53}},"13":{"start":{"line":35,"column":10},"end":{"line":39,"column":11}},"14":{"start":{"line":36,"column":12},"end":{"line":38,"column":15}},"15":{"start":{"line":40,"column":10},"end":{"line":40,"column":44}},"16":{"start":{"line":42,"column":24},"end":{"line":42,"column":51}},"17":{"start":{"line":44,"column":4},"end":{"line":47,"column":51}},"18":{"start":{"line":46,"column":21},"end":{"line":46,"column":48}},"19":{"start":{"line":47,"column":22},"end":{"line":47,"column":49}},"20":{"start":{"line":51,"column":4},"end":{"line":61,"column":51}},"21":{"start":{"line":54,"column":8},"end":{"line":58,"column":9}},"22":{"start":{"line":55,"column":10},"end":{"line":57,"column":13}},"23":{"start":{"line":59,"column":8},"end":{"line":59,"column":42}},"24":{"start":{"line":61,"column":22},"end":{"line":61,"column":49}},"25":{"start":{"line":65,"column":4},"end":{"line":78,"column":53}},"26":{"start":{"line":68,"column":8},"end":{"line":72,"column":9}},"27":{"start":{"line":69,"column":10},"end":{"line":71,"column":13}},"28":{"start":{"line":73,"column":8},"end":{"line":76,"column":57}},"29":{"start":{"line":75,"column":22},"end":{"line":75,"column":48}},"30":{"start":{"line":76,"column":28},"end":{"line":76,"column":55}},"31":{"start":{"line":78,"column":24},"end":{"line":78,"column":51}},"32":{"start":{"line":82,"column":4},"end":{"line":95,"column":51}},"33":{"start":{"line":85,"column":8},"end":{"line":89,"column":9}},"34":{"start":{"line":86,"column":10},"end":{"line":88,"column":13}},"35":{"start":{"line":90,"column":8},"end":{"line":93,"column":55}},"36":{"start":{"line":92,"column":22},"end":{"line":92,"column":44}},"37":{"start":{"line":93,"column":26},"end":{"line":93,"column":53}},"38":{"start":{"line":95,"column":22},"end":{"line":95,"column":49}},"39":{"start":{"line":99,"column":4},"end":{"line":113,"column":5}},"40":{"start":{"line":100,"column":6},"end":{"line":112,"column":53}},"41":{"start":{"line":111,"column":22},"end":{"line":111,"column":48}},"42":{"start":{"line":112,"column":24},"end":{"line":112,"column":51}}},"branchMap":{"1":{"line":9,"type":"if","locations":[{"start":{"line":9,"column":4},"end":{"line":9,"column":4}},{"start":{"line":9,"column":4},"end":{"line":9,"column":4}}]},"2":{"line":28,"type":"if","locations":[{"start":{"line":28,"column":4},"end":{"line":28,"column":4}},{"start":{"line":28,"column":4},"end":{"line":28,"column":4}}]},"3":{"line":28,"type":"binary-expr","locations":[{"start":{"line":28,"column":8},"end":{"line":28,"column":23}},{"start":{"line":28,"column":27},"end":{"line":28,"column":43}}]},"4":{"line":35,"type":"if","locations":[{"start":{"line":35,"column":10},"end":{"line":35,"column":10}},{"start":{"line":35,"column":10},"end":{"line":35,"column":10}}]},"5":{"line":35,"type":"binary-expr","locations":[{"start":{"line":35,"column":14},"end":{"line":35,"column":19}},{"start":{"line":35,"column":23},"end":{"line":35,"column":38}}]},"6":{"line":54,"type":"if","locations":[{"start":{"line":54,"column":8},"end":{"line":54,"column":8}},{"start":{"line":54,"column":8},"end":{"line":54,"column":8}}]},"7":{"line":54,"type":"binary-expr","locations":[{"start":{"line":54,"column":12},"end":{"line":54,"column":17}},{"start":{"line":54,"column":21},"end":{"line":54,"column":36}}]},"8":{"line":68,"type":"if","locations":[{"start":{"line":68,"column":8},"end":{"line":68,"column":8}},{"start":{"line":68,"column":8},"end":{"line":68,"column":8}}]},"9":{"line":68,"type":"binary-expr","locations":[{"start":{"line":68,"column":12},"end":{"line":68,"column":17}},{"start":{"line":68,"column":21},"end":{"line":68,"column":36}}]},"10":{"line":85,"type":"if","locations":[{"start":{"line":85,"column":8},"end":{"line":85,"column":8}},{"start":{"line":85,"column":8},"end":{"line":85,"column":8}}]},"11":{"line":85,"type":"binary-expr","locations":[{"start":{"line":85,"column":12},"end":{"line":85,"column":17}},{"start":{"line":85,"column":21},"end":{"line":85,"column":36}}]},"12":{"line":99,"type":"if","locations":[{"start":{"line":99,"column":4},"end":{"line":99,"column":4}},{"start":{"line":99,"column":4},"end":{"line":99,"column":4}}]}}},"/Users/fleviankanaiza/Documents/cp2/cp2-document-management-system/server/controllers/inputValidate.js":{"path":"/Users/fleviankanaiza/Documents/cp2/cp2-document-management-system/server/controllers/inputValidate.js","s":{"1":16,"2":16,"3":72,"4":6,"5":16,"6":3,"7":1},"b":{"1":[6,66],"2":[72,66],"3":[3,13]},"f":{"1":16},"fnMap":{"1":{"name":"(anonymous_1)","line":9,"loc":{"start":{"line":9,"column":15},"end":{"line":9,"column":22}}}},"statementMap":{"1":{"start":{"line":10,"column":4},"end":{"line":10,"column":16}},"2":{"start":{"line":11,"column":4},"end":{"line":15,"column":7}},"3":{"start":{"line":12,"column":6},"end":{"line":14,"column":7}},"4":{"start":{"line":13,"column":8},"end":{"line":13,"column":23}},"5":{"start":{"line":16,"column":4},"end":{"line":18,"column":5}},"6":{"start":{"line":17,"column":6},"end":{"line":17,"column":21}},"7":{"start":{"line":22,"column":0},"end":{"line":22,"column":37}}},"branchMap":{"1":{"line":12,"type":"if","locations":[{"start":{"line":12,"column":6},"end":{"line":12,"column":6}},{"start":{"line":12,"column":6},"end":{"line":12,"column":6}}]},"2":{"line":12,"type":"binary-expr","locations":[{"start":{"line":12,"column":10},"end":{"line":12,"column":26}},{"start":{"line":12,"column":30},"end":{"line":12,"column":48}}]},"3":{"line":16,"type":"if","locations":[{"start":{"line":16,"column":4},"end":{"line":16,"column":4}},{"start":{"line":16,"column":4},"end":{"line":16,"column":4}}]}}},"/Users/fleviankanaiza/Documents/cp2/cp2-document-management-system/server/controllers/document.js":{"path":"/Users/fleviankanaiza/Documents/cp2/cp2-document-management-system/server/controllers/document.js","s":{"1":1,"2":1,"3":1,"4":1,"5":12,"6":2,"7":10,"8":6,"9":4,"10":10,"11":5,"12":3,"13":2,"14":1,"15":1,"16":1,"17":2,"18":2,"19":1,"20":1,"21":0,"22":5,"23":3,"24":2,"25":1,"26":1,"27":1,"28":2,"29":2,"30":1,"31":1,"32":0,"33":10,"34":2,"35":2,"36":1,"37":1,"38":0,"39":8,"40":1,"41":1,"42":0,"43":1,"44":0,"45":7,"46":5,"47":4,"48":1,"49":2,"50":5,"51":3,"52":2,"53":1,"54":1,"55":0,"56":2,"57":8,"58":6,"59":3,"60":3,"61":3,"62":0,"63":2,"64":2,"65":1,"66":1,"67":1,"68":0,"69":1,"70":1,"71":1,"72":0,"73":6,"74":4,"75":2,"76":2,"77":2},"b":{"1":[2,10],"2":[5,5],"3":[3,2],"4":[5,2],"5":[1,1],"6":[2,2],"7":[1,1],"8":[2,2],"9":[3,2],"10":[5,2],"11":[1,1],"12":[2,2],"13":[1,1],"14":[2,2],"15":[2,8],"16":[1,1],"17":[2,2],"18":[1,7],"19":[0,1],"20":[1,1],"21":[4,1],"22":[5,1],"23":[2,1],"24":[3,1],"25":[1,0],"26":[1,0],"27":[1,0],"28":[3,3],"29":[6,3],"30":[1,1],"31":[1,0],"32":[1,0],"33":[2,2],"34":[4,4]},"f":{"1":12,"2":10,"3":10,"4":5,"5":8,"6":2,"7":6},"fnMap":{"1":{"name":"(anonymous_1)","line":6,"loc":{"start":{"line":6,"column":8},"end":{"line":6,"column":19}}},"2":{"name":"(anonymous_2)","line":24,"loc":{"start":{"line":24,"column":10},"end":{"line":24,"column":21}}},"3":{"name":"(anonymous_3)","line":91,"loc":{"start":{"line":91,"column":10},"end":{"line":91,"column":21}}},"4":{"name":"(anonymous_4)","line":145,"loc":{"start":{"line":145,"column":8},"end":{"line":145,"column":19}}},"5":{"name":"(anonymous_5)","line":172,"loc":{"start":{"line":172,"column":9},"end":{"line":172,"column":20}}},"6":{"name":"(anonymous_6)","line":194,"loc":{"start":{"line":194,"column":11},"end":{"line":194,"column":22}}},"7":{"name":"(anonymous_7)","line":228,"loc":{"start":{"line":228,"column":10},"end":{"line":228,"column":21}}}},"statementMap":{"1":{"start":{"line":1,"column":0},"end":{"line":1,"column":39}},"2":{"start":{"line":2,"column":0},"end":{"line":2,"column":47}},"3":{"start":{"line":3,"column":0},"end":{"line":3,"column":49}},"4":{"start":{"line":5,"column":0},"end":{"line":247,"column":2}},"5":{"start":{"line":7,"column":4},"end":{"line":11,"column":5}},"6":{"start":{"line":8,"column":6},"end":{"line":10,"column":9}},"7":{"start":{"line":12,"column":4},"end":{"line":21,"column":51}},"8":{"start":{"line":20,"column":24},"end":{"line":20,"column":54}},"9":{"start":{"line":21,"column":22},"end":{"line":21,"column":49}},"10":{"start":{"line":25,"column":4},"end":{"line":88,"column":5}},"11":{"start":{"line":26,"column":6},"end":{"line":41,"column":7}},"12":{"start":{"line":27,"column":8},"end":{"line":40,"column":55}},"13":{"start":{"line":33,"column":12},"end":{"line":37,"column":13}},"14":{"start":{"line":34,"column":14},"end":{"line":36,"column":17}},"15":{"start":{"line":38,"column":12},"end":{"line":38,"column":50}},"16":{"start":{"line":40,"column":26},"end":{"line":40,"column":53}},"17":{"start":{"line":42,"column":6},"end":{"line":52,"column":53}},"18":{"start":{"line":45,"column":10},"end":{"line":49,"column":11}},"19":{"start":{"line":46,"column":12},"end":{"line":48,"column":15}},"20":{"start":{"line":50,"column":10},"end":{"line":50,"column":48}},"21":{"start":{"line":52,"column":24},"end":{"line":52,"column":51}},"22":{"start":{"line":54,"column":6},"end":{"line":72,"column":7}},"23":{"start":{"line":55,"column":8},"end":{"line":71,"column":55}},"24":{"start":{"line":64,"column":12},"end":{"line":68,"column":13}},"25":{"start":{"line":65,"column":14},"end":{"line":67,"column":17}},"26":{"start":{"line":69,"column":12},"end":{"line":69,"column":50}},"27":{"start":{"line":71,"column":26},"end":{"line":71,"column":53}},"28":{"start":{"line":73,"column":6},"end":{"line":87,"column":53}},"29":{"start":{"line":80,"column":10},"end":{"line":84,"column":11}},"30":{"start":{"line":81,"column":12},"end":{"line":83,"column":15}},"31":{"start":{"line":85,"column":10},"end":{"line":85,"column":48}},"32":{"start":{"line":87,"column":24},"end":{"line":87,"column":51}},"33":{"start":{"line":92,"column":4},"end":{"line":142,"column":5}},"34":{"start":{"line":93,"column":6},"end":{"line":107,"column":53}},"35":{"start":{"line":100,"column":10},"end":{"line":104,"column":11}},"36":{"start":{"line":101,"column":12},"end":{"line":103,"column":15}},"37":{"start":{"line":105,"column":10},"end":{"line":105,"column":48}},"38":{"start":{"line":107,"column":24},"end":{"line":107,"column":51}},"39":{"start":{"line":108,"column":11},"end":{"line":142,"column":5}},"40":{"start":{"line":109,"column":6},"end":{"line":124,"column":53}},"41":{"start":{"line":117,"column":10},"end":{"line":121,"column":11}},"42":{"start":{"line":118,"column":12},"end":{"line":120,"column":15}},"43":{"start":{"line":122,"column":10},"end":{"line":122,"column":48}},"44":{"start":{"line":124,"column":24},"end":{"line":124,"column":51}},"45":{"start":{"line":126,"column":6},"end":{"line":141,"column":53}},"46":{"start":{"line":134,"column":10},"end":{"line":138,"column":11}},"47":{"start":{"line":135,"column":12},"end":{"line":137,"column":15}},"48":{"start":{"line":139,"column":10},"end":{"line":139,"column":48}},"49":{"start":{"line":141,"column":24},"end":{"line":141,"column":51}},"50":{"start":{"line":146,"column":4},"end":{"line":169,"column":53}},"51":{"start":{"line":154,"column":8},"end":{"line":158,"column":9}},"52":{"start":{"line":155,"column":10},"end":{"line":157,"column":13}},"53":{"start":{"line":159,"column":8},"end":{"line":167,"column":57}},"54":{"start":{"line":166,"column":22},"end":{"line":166,"column":52}},"55":{"start":{"line":167,"column":28},"end":{"line":167,"column":55}},"56":{"start":{"line":169,"column":24},"end":{"line":169,"column":51}},"57":{"start":{"line":173,"column":4},"end":{"line":191,"column":51}},"58":{"start":{"line":181,"column":8},"end":{"line":185,"column":9}},"59":{"start":{"line":182,"column":10},"end":{"line":184,"column":13}},"60":{"start":{"line":186,"column":8},"end":{"line":189,"column":55}},"61":{"start":{"line":188,"column":22},"end":{"line":188,"column":44}},"62":{"start":{"line":189,"column":26},"end":{"line":189,"column":53}},"63":{"start":{"line":191,"column":22},"end":{"line":191,"column":49}},"64":{"start":{"line":195,"column":4},"end":{"line":225,"column":5}},"65":{"start":{"line":196,"column":6},"end":{"line":209,"column":7}},"66":{"start":{"line":197,"column":8},"end":{"line":208,"column":55}},"67":{"start":{"line":207,"column":28},"end":{"line":207,"column":58}},"68":{"start":{"line":208,"column":26},"end":{"line":208,"column":53}},"69":{"start":{"line":211,"column":6},"end":{"line":224,"column":7}},"70":{"start":{"line":212,"column":8},"end":{"line":223,"column":55}},"71":{"start":{"line":222,"column":28},"end":{"line":222,"column":58}},"72":{"start":{"line":223,"column":26},"end":{"line":223,"column":53}},"73":{"start":{"line":229,"column":4},"end":{"line":245,"column":9}},"74":{"start":{"line":236,"column":8},"end":{"line":240,"column":9}},"75":{"start":{"line":237,"column":10},"end":{"line":239,"column":13}},"76":{"start":{"line":241,"column":8},"end":{"line":241,"column":46}},"77":{"start":{"line":244,"column":8},"end":{"line":244,"column":35}}},"branchMap":{"1":{"line":7,"type":"if","locations":[{"start":{"line":7,"column":4},"end":{"line":7,"column":4}},{"start":{"line":7,"column":4},"end":{"line":7,"column":4}}]},"2":{"line":25,"type":"if","locations":[{"start":{"line":25,"column":4},"end":{"line":25,"column":4}},{"start":{"line":25,"column":4},"end":{"line":25,"column":4}}]},"3":{"line":26,"type":"if","locations":[{"start":{"line":26,"column":6},"end":{"line":26,"column":6}},{"start":{"line":26,"column":6},"end":{"line":26,"column":6}}]},"4":{"line":26,"type":"binary-expr","locations":[{"start":{"line":26,"column":10},"end":{"line":26,"column":25}},{"start":{"line":26,"column":29},"end":{"line":26,"column":45}}]},"5":{"line":33,"type":"if","locations":[{"start":{"line":33,"column":12},"end":{"line":33,"column":12}},{"start":{"line":33,"column":12},"end":{"line":33,"column":12}}]},"6":{"line":33,"type":"binary-expr","locations":[{"start":{"line":33,"column":16},"end":{"line":33,"column":25}},{"start":{"line":33,"column":29},"end":{"line":33,"column":48}}]},"7":{"line":45,"type":"if","locations":[{"start":{"line":45,"column":10},"end":{"line":45,"column":10}},{"start":{"line":45,"column":10},"end":{"line":45,"column":10}}]},"8":{"line":45,"type":"binary-expr","locations":[{"start":{"line":45,"column":14},"end":{"line":45,"column":23}},{"start":{"line":45,"column":27},"end":{"line":45,"column":46}}]},"9":{"line":54,"type":"if","locations":[{"start":{"line":54,"column":6},"end":{"line":54,"column":6}},{"start":{"line":54,"column":6},"end":{"line":54,"column":6}}]},"10":{"line":54,"type":"binary-expr","locations":[{"start":{"line":54,"column":10},"end":{"line":54,"column":25}},{"start":{"line":54,"column":29},"end":{"line":54,"column":45}}]},"11":{"line":64,"type":"if","locations":[{"start":{"line":64,"column":12},"end":{"line":64,"column":12}},{"start":{"line":64,"column":12},"end":{"line":64,"column":12}}]},"12":{"line":64,"type":"binary-expr","locations":[{"start":{"line":64,"column":16},"end":{"line":64,"column":25}},{"start":{"line":64,"column":29},"end":{"line":64,"column":48}}]},"13":{"line":80,"type":"if","locations":[{"start":{"line":80,"column":10},"end":{"line":80,"column":10}},{"start":{"line":80,"column":10},"end":{"line":80,"column":10}}]},"14":{"line":80,"type":"binary-expr","locations":[{"start":{"line":80,"column":14},"end":{"line":80,"column":23}},{"start":{"line":80,"column":27},"end":{"line":80,"column":46}}]},"15":{"line":92,"type":"if","locations":[{"start":{"line":92,"column":4},"end":{"line":92,"column":4}},{"start":{"line":92,"column":4},"end":{"line":92,"column":4}}]},"16":{"line":100,"type":"if","locations":[{"start":{"line":100,"column":10},"end":{"line":100,"column":10}},{"start":{"line":100,"column":10},"end":{"line":100,"column":10}}]},"17":{"line":100,"type":"binary-expr","locations":[{"start":{"line":100,"column":14},"end":{"line":100,"column":23}},{"start":{"line":100,"column":27},"end":{"line":100,"column":46}}]},"18":{"line":108,"type":"if","locations":[{"start":{"line":108,"column":11},"end":{"line":108,"column":11}},{"start":{"line":108,"column":11},"end":{"line":108,"column":11}}]},"19":{"line":117,"type":"if","locations":[{"start":{"line":117,"column":10},"end":{"line":117,"column":10}},{"start":{"line":117,"column":10},"end":{"line":117,"column":10}}]},"20":{"line":117,"type":"binary-expr","locations":[{"start":{"line":117,"column":14},"end":{"line":117,"column":23}},{"start":{"line":117,"column":27},"end":{"line":117,"column":46}}]},"21":{"line":134,"type":"if","locations":[{"start":{"line":134,"column":10},"end":{"line":134,"column":10}},{"start":{"line":134,"column":10},"end":{"line":134,"column":10}}]},"22":{"line":134,"type":"binary-expr","locations":[{"start":{"line":134,"column":14},"end":{"line":134,"column":23}},{"start":{"line":134,"column":27},"end":{"line":134,"column":46}}]},"23":{"line":154,"type":"if","locations":[{"start":{"line":154,"column":8},"end":{"line":154,"column":8}},{"start":{"line":154,"column":8},"end":{"line":154,"column":8}}]},"24":{"line":154,"type":"binary-expr","locations":[{"start":{"line":154,"column":12},"end":{"line":154,"column":21}},{"start":{"line":154,"column":25},"end":{"line":154,"column":44}}]},"25":{"line":161,"type":"binary-expr","locations":[{"start":{"line":161,"column":19},"end":{"line":161,"column":33}},{"start":{"line":161,"column":37},"end":{"line":161,"column":51}}]},"26":{"line":162,"type":"binary-expr","locations":[{"start":{"line":162,"column":21},"end":{"line":162,"column":37}},{"start":{"line":162,"column":41},"end":{"line":162,"column":57}}]},"27":{"line":163,"type":"binary-expr","locations":[{"start":{"line":163,"column":20},"end":{"line":163,"column":35}},{"start":{"line":163,"column":39},"end":{"line":163,"column":54}}]},"28":{"line":181,"type":"if","locations":[{"start":{"line":181,"column":8},"end":{"line":181,"column":8}},{"start":{"line":181,"column":8},"end":{"line":181,"column":8}}]},"29":{"line":181,"type":"binary-expr","locations":[{"start":{"line":181,"column":12},"end":{"line":181,"column":21}},{"start":{"line":181,"column":25},"end":{"line":181,"column":44}}]},"30":{"line":195,"type":"if","locations":[{"start":{"line":195,"column":4},"end":{"line":195,"column":4}},{"start":{"line":195,"column":4},"end":{"line":195,"column":4}}]},"31":{"line":196,"type":"if","locations":[{"start":{"line":196,"column":6},"end":{"line":196,"column":6}},{"start":{"line":196,"column":6},"end":{"line":196,"column":6}}]},"32":{"line":211,"type":"if","locations":[{"start":{"line":211,"column":6},"end":{"line":211,"column":6}},{"start":{"line":211,"column":6},"end":{"line":211,"column":6}}]},"33":{"line":236,"type":"if","locations":[{"start":{"line":236,"column":8},"end":{"line":236,"column":8}},{"start":{"line":236,"column":8},"end":{"line":236,"column":8}}]},"34":{"line":236,"type":"binary-expr","locations":[{"start":{"line":236,"column":12},"end":{"line":236,"column":21}},{"start":{"line":236,"column":25},"end":{"line":236,"column":44}}]}}},"/Users/fleviankanaiza/Documents/cp2/cp2-document-management-system/server/controllers/authenticate.js":{"path":"/Users/fleviankanaiza/Documents/cp2/cp2-document-management-system/server/controllers/authenticate.js","s":{"1":1,"2":1,"3":1,"4":1,"5":1,"6":1,"7":2,"8":2,"9":1,"10":1,"11":1,"12":0,"13":1,"14":1,"15":0,"16":76,"17":76,"18":76,"19":76,"20":0,"21":76,"22":76,"23":0,"24":23,"25":23,"26":23,"27":0,"28":0},"b":{"1":[1,1],"2":[1,0],"3":[0,1],"4":[76,76,76],"5":[76,0],"6":[0,76],"7":[0,0]},"f":{"1":2,"2":76,"3":23,"4":0},"fnMap":{"1":{"name":"(anonymous_1)","line":9,"loc":{"start":{"line":9,"column":7},"end":{"line":9,"column":18}}},"2":{"name":"(anonymous_2)","line":50,"loc":{"start":{"line":50,"column":13},"end":{"line":50,"column":30}}},"3":{"name":"(anonymous_3)","line":71,"loc":{"start":{"line":71,"column":15},"end":{"line":71,"column":32}}},"4":{"name":"(anonymous_4)","line":77,"loc":{"start":{"line":77,"column":17},"end":{"line":77,"column":39}}}},"statementMap":{"1":{"start":{"line":1,"column":0},"end":{"line":1,"column":39}},"2":{"start":{"line":2,"column":0},"end":{"line":2,"column":39}},"3":{"start":{"line":3,"column":0},"end":{"line":3,"column":36}},"4":{"start":{"line":4,"column":0},"end":{"line":4,"column":33}},"5":{"start":{"line":5,"column":0},"end":{"line":5,"column":110}},"6":{"start":{"line":8,"column":0},"end":{"line":83,"column":1}},"7":{"start":{"line":10,"column":4},"end":{"line":47,"column":51}},"8":{"start":{"line":17,"column":8},"end":{"line":45,"column":9}},"9":{"start":{"line":18,"column":10},"end":{"line":21,"column":13}},"10":{"start":{"line":22,"column":15},"end":{"line":45,"column":9}},"11":{"start":{"line":23,"column":10},"end":{"line":43,"column":11}},"12":{"start":{"line":24,"column":12},"end":{"line":27,"column":15}},"13":{"start":{"line":29,"column":12},"end":{"line":36,"column":15}},"14":{"start":{"line":37,"column":12},"end":{"line":42,"column":15}},"15":{"start":{"line":47,"column":22},"end":{"line":47,"column":49}},"16":{"start":{"line":51,"column":4},"end":{"line":51,"column":85}},"17":{"start":{"line":52,"column":4},"end":{"line":68,"column":5}},"18":{"start":{"line":53,"column":6},"end":{"line":62,"column":9}},"19":{"start":{"line":54,"column":8},"end":{"line":61,"column":9}},"20":{"start":{"line":55,"column":10},"end":{"line":57,"column":56}},"21":{"start":{"line":59,"column":10},"end":{"line":59,"column":32}},"22":{"start":{"line":60,"column":10},"end":{"line":60,"column":17}},"23":{"start":{"line":64,"column":6},"end":{"line":67,"column":9}},"24":{"start":{"line":72,"column":4},"end":{"line":72,"column":18}},"25":{"start":{"line":73,"column":4},"end":{"line":73,"column":44}},"26":{"start":{"line":74,"column":4},"end":{"line":74,"column":11}},"27":{"start":{"line":78,"column":4},"end":{"line":78,"column":34}},"28":{"start":{"line":79,"column":4},"end":{"line":81,"column":7}}},"branchMap":{"1":{"line":17,"type":"if","locations":[{"start":{"line":17,"column":8},"end":{"line":17,"column":8}},{"start":{"line":17,"column":8},"end":{"line":17,"column":8}}]},"2":{"line":22,"type":"if","locations":[{"start":{"line":22,"column":15},"end":{"line":22,"column":15}},{"start":{"line":22,"column":15},"end":{"line":22,"column":15}}]},"3":{"line":23,"type":"if","locations":[{"start":{"line":23,"column":10},"end":{"line":23,"column":10}},{"start":{"line":23,"column":10},"end":{"line":23,"column":10}}]},"4":{"line":51,"type":"binary-expr","locations":[{"start":{"line":51,"column":18},"end":{"line":51,"column":32}},{"start":{"line":51,"column":36},"end":{"line":51,"column":51}},{"start":{"line":51,"column":55},"end":{"line":51,"column":84}}]},"5":{"line":52,"type":"if","locations":[{"start":{"line":52,"column":4},"end":{"line":52,"column":4}},{"start":{"line":52,"column":4},"end":{"line":52,"column":4}}]},"6":{"line":54,"type":"if","locations":[{"start":{"line":54,"column":8},"end":{"line":54,"column":8}},{"start":{"line":54,"column":8},"end":{"line":54,"column":8}}]},"7":{"line":78,"type":"binary-expr","locations":[{"start":{"line":78,"column":15},"end":{"line":78,"column":25}},{"start":{"line":78,"column":29},"end":{"line":78,"column":32}}]}}}}