TN:
SF:/Users/fleviankanaiza/Documents/cp2/cp2-document-management-system/app.js
FNF:0
FNH:0
DA:1,1
DA:2,1
DA:3,1
DA:4,1
DA:7,1
DA:8,1
DA:9,1
DA:11,1
DA:12,1
DA:15,1
DA:16,1
DA:19,1
DA:22,1
DA:25,1
DA:26,1
DA:27,1
LF:16
LH:16
BRDA:7,1,0,1
BRDA:7,1,1,1
BRF:2
BRH:2
end_of_record
TN:
SF:/Users/fleviankanaiza/Documents/cp2/cp2-document-management-system/server/routes/route.js
FNF:0
FNH:0
DA:1,1
DA:2,1
DA:3,1
DA:4,1
DA:6,1
DA:7,1
DA:9,1
DA:10,1
DA:11,1
DA:13,1
DA:15,1
DA:16,1
DA:17,1
DA:18,1
DA:19,1
DA:20,1
DA:21,1
DA:22,1
DA:24,1
DA:26,1
DA:28,1
DA:30,1
DA:31,1
DA:32,1
DA:34,1
DA:35,1
DA:36,1
DA:37,1
DA:39,1
LF:29
LH:29
BRF:0
BRH:0
end_of_record
TN:
SF:/Users/fleviankanaiza/Documents/cp2/cp2-document-management-system/server/controllers/index.js
FNF:0
FNH:0
DA:1,1
DA:2,1
DA:3,1
DA:4,1
DA:6,1
LF:5
LH:5
BRF:0
BRH:0
end_of_record
TN:
SF:/Users/fleviankanaiza/Documents/cp2/cp2-document-management-system/server/controllers/role.js
FN:4,(anonymous_1)
FN:15,(anonymous_2)
FN:38,(anonymous_3)
FNF:3
FNH:3
FNDA:3,(anonymous_1)
FNDA:1,(anonymous_2)
FNDA:3,(anonymous_3)
DA:1,1
DA:3,1
DA:5,3
DA:9,2
DA:12,1
DA:16,1
DA:17,0
DA:23,0
DA:24,0
DA:28,0
DA:30,0
DA:32,1
DA:34,1
DA:35,0
DA:39,3
DA:40,1
DA:44,2
DA:47,2
DA:48,1
DA:52,1
DA:54,1
DA:55,0
DA:57,0
LF:23
LH:15
BRDA:16,1,0,0
BRDA:16,1,1,1
BRDA:16,2,0,1
BRDA:16,2,1,1
BRDA:23,3,0,0
BRDA:23,3,1,0
BRDA:23,4,0,0
BRDA:23,4,1,0
BRDA:39,5,0,1
BRDA:39,5,1,2
BRDA:47,6,0,1
BRDA:47,6,1,1
BRF:12
BRH:7
end_of_record
TN:
SF:/Users/fleviankanaiza/Documents/cp2/cp2-document-management-system/server/models/index.js
FNF:0
FNH:0
DA:1,1
DA:2,1
DA:3,1
DA:4,1
DA:5,1
DA:6,1
DA:7,1
DA:9,1
DA:10,1
DA:11,0
DA:13,1
DA:18,1
DA:21,5
DA:25,3
DA:26,3
DA:29,1
DA:30,3
DA:31,3
DA:35,1
DA:36,1
DA:38,1
LF:21
LH:20
BRDA:5,1,0,1
BRDA:5,1,1,0
BRDA:10,2,0,0
BRDA:10,2,1,1
BRDA:21,3,0,5
BRDA:21,3,1,4
BRDA:21,3,2,3
BRDA:30,4,0,3
BRDA:30,4,1,0
BRF:9
BRH:6
end_of_record
TN:
SF:/Users/fleviankanaiza/Documents/cp2/cp2-document-management-system/server/models/document.js
FNF:0
FNH:0
DA:2,1
DA:3,1
DA:21,1
DA:28,1
LF:4
LH:4
BRF:0
BRH:0
end_of_record
TN:
SF:/Users/fleviankanaiza/Documents/cp2/cp2-document-management-system/server/models/role.js
FNF:0
FNH:0
DA:2,1
DA:3,1
DA:14,1
DA:21,1
LF:4
LH:4
BRF:0
BRH:0
end_of_record
TN:
SF:/Users/fleviankanaiza/Documents/cp2/cp2-document-management-system/server/models/user.js
FNF:0
FNH:0
DA:2,1
DA:3,1
DA:33,1
DA:37,1
DA:44,1
LF:5
LH:5
BRF:0
BRH:0
end_of_record
TN:
SF:/Users/fleviankanaiza/Documents/cp2/cp2-document-management-system/server/controllers/user.js
FN:8,(anonymous_1)
FN:29,(anonymous_2)
FN:52,(anonymous_3)
FN:66,(anonymous_4)
FN:97,(anonymous_5)
FN:119,(anonymous_6)
FNF:6
FNH:6
FNDA:4,(anonymous_1)
FNDA:4,(anonymous_2)
FNDA:2,(anonymous_3)
FNDA:5,(anonymous_4)
FNDA:4,(anonymous_5)
FNDA:2,(anonymous_6)
DA:1,1
DA:2,1
DA:3,1
DA:5,1
DA:7,1
DA:9,4
DA:10,1
DA:14,3
DA:23,2
DA:26,1
DA:30,4
DA:31,3
DA:37,2
DA:38,1
DA:42,1
DA:44,1
DA:46,1
DA:48,1
DA:49,0
DA:53,2
DA:56,1
DA:57,0
DA:61,1
DA:63,1
DA:67,5
DA:68,1
DA:72,4
DA:75,3
DA:76,1
DA:80,2
DA:89,1
DA:92,1
DA:94,1
DA:98,4
DA:99,1
DA:103,3
DA:106,2
DA:107,1
DA:111,1
DA:113,1
DA:114,0
DA:116,1
DA:120,2
DA:121,2
DA:122,0
DA:136,0
DA:137,0
DA:141,0
DA:143,0
DA:145,2
DA:157,2
DA:158,1
DA:162,1
DA:164,0
LF:54
LH:45
BRDA:9,1,0,1
BRDA:9,1,1,3
BRDA:30,2,0,3
BRDA:30,2,1,1
BRDA:30,3,0,4
BRDA:30,3,1,1
BRDA:37,4,0,1
BRDA:37,4,1,1
BRDA:37,5,0,2
BRDA:37,5,1,2
BRDA:56,6,0,0
BRDA:56,6,1,1
BRDA:56,7,0,1
BRDA:56,7,1,1
BRDA:67,8,0,1
BRDA:67,8,1,4
BRDA:75,9,0,1
BRDA:75,9,1,2
BRDA:75,10,0,3
BRDA:75,10,1,2
BRDA:82,11,0,2
BRDA:82,11,1,0
BRDA:83,12,0,2
BRDA:83,12,1,0
BRDA:84,13,0,2
BRDA:84,13,1,0
BRDA:85,14,0,2
BRDA:85,14,1,0
BRDA:86,15,0,2
BRDA:86,15,1,0
BRDA:87,16,0,2
BRDA:87,16,1,0
BRDA:98,17,0,1
BRDA:98,17,1,3
BRDA:106,18,0,1
BRDA:106,18,1,1
BRDA:106,19,0,2
BRDA:106,19,1,1
BRDA:120,20,0,2
BRDA:120,20,1,0
BRDA:121,21,0,0
BRDA:121,21,1,2
BRDA:121,22,0,2
BRDA:121,22,1,2
BRDA:136,23,0,0
BRDA:136,23,1,0
BRDA:136,24,0,0
BRDA:136,24,1,0
BRDA:157,25,0,1
BRDA:157,25,1,1
BRDA:157,26,0,2
BRDA:157,26,1,2
BRF:52
BRH:39
end_of_record
TN:
SF:/Users/fleviankanaiza/Documents/cp2/cp2-document-management-system/server/controllers/inputValidate.js
FN:9,(anonymous_1)
FNF:1
FNH:1
FNDA:11,(anonymous_1)
DA:10,11
DA:11,11
DA:12,51
DA:13,6
DA:16,11
DA:17,2
DA:22,1
LF:7
LH:7
BRDA:12,1,0,6
BRDA:12,1,1,45
BRDA:12,2,0,51
BRDA:12,2,1,45
BRDA:16,3,0,2
BRDA:16,3,1,9
BRF:6
BRH:6
end_of_record
TN:
SF:/Users/fleviankanaiza/Documents/cp2/cp2-document-management-system/server/controllers/document.js
FN:6,(anonymous_1)
FN:25,(anonymous_2)
FN:93,(anonymous_3)
FN:107,(anonymous_4)
FN:135,(anonymous_5)
FN:157,(anonymous_6)
FN:250,(anonymous_7)
FN:289,(anonymous_8)
FNF:8
FNH:8
FNDA:7,(anonymous_1)
FNDA:9,(anonymous_2)
FNDA:3,(anonymous_3)
FNDA:3,(anonymous_4)
FNDA:4,(anonymous_5)
FNDA:4,(anonymous_6)
FNDA:4,(anonymous_7)
FNDA:6,(anonymous_8)
DA:1,1
DA:2,1
DA:3,1
DA:5,1
DA:7,7
DA:8,1
DA:12,6
DA:19,6
DA:22,0
DA:26,9
DA:27,5
DA:28,3
DA:34,2
DA:35,1
DA:39,1
DA:41,1
DA:43,2
DA:46,2
DA:47,1
DA:51,1
DA:53,0
DA:55,4
DA:56,3
DA:66,2
DA:67,1
DA:71,1
DA:73,1
DA:75,1
DA:82,1
DA:83,0
DA:87,1
DA:89,0
DA:94,3
DA:97,2
DA:98,1
DA:102,1
DA:104,1
DA:108,3
DA:116,2
DA:117,1
DA:121,1
DA:127,1
DA:130,0
DA:132,1
DA:136,4
DA:144,3
DA:145,1
DA:149,2
DA:151,2
DA:152,0
DA:154,1
DA:158,4
DA:159,2
DA:160,0
DA:172,0
DA:173,0
DA:177,0
DA:179,0
DA:181,2
DA:182,2
DA:192,2
DA:193,1
DA:197,1
DA:199,0
DA:203,2
DA:204,0
DA:217,0
DA:218,0
DA:222,0
DA:224,0
DA:226,2
DA:227,2
DA:238,2
DA:239,1
DA:243,1
DA:245,0
DA:251,4
DA:252,0
DA:261,0
DA:262,0
DA:266,0
DA:268,0
DA:270,4
DA:277,2
DA:278,1
DA:282,1
DA:285,2
DA:290,6
DA:291,3
DA:300,2
DA:301,1
DA:305,1
DA:307,1
DA:309,3
DA:316,3
DA:317,2
DA:321,1
DA:323,0
LF:98
LH:74
BRDA:7,1,0,1
BRDA:7,1,1,6
BRDA:26,2,0,5
BRDA:26,2,1,4
BRDA:27,3,0,3
BRDA:27,3,1,2
BRDA:27,4,0,5
BRDA:27,4,1,2
BRDA:34,5,0,1
BRDA:34,5,1,1
BRDA:34,6,0,2
BRDA:34,6,1,2
BRDA:46,7,0,1
BRDA:46,7,1,1
BRDA:46,8,0,2
BRDA:46,8,1,2
BRDA:55,9,0,3
BRDA:55,9,1,1
BRDA:55,10,0,4
BRDA:55,10,1,1
BRDA:66,11,0,1
BRDA:66,11,1,1
BRDA:66,12,0,2
BRDA:66,12,1,2
BRDA:82,13,0,0
BRDA:82,13,1,1
BRDA:82,14,0,1
BRDA:82,14,1,1
BRDA:97,15,0,1
BRDA:97,15,1,1
BRDA:97,16,0,2
BRDA:97,16,1,1
BRDA:116,17,0,1
BRDA:116,17,1,1
BRDA:116,18,0,2
BRDA:116,18,1,1
BRDA:123,19,0,1
BRDA:123,19,1,0
BRDA:124,20,0,1
BRDA:124,20,1,0
BRDA:125,21,0,1
BRDA:125,21,1,0
BRDA:144,22,0,1
BRDA:144,22,1,2
BRDA:144,23,0,3
BRDA:144,23,1,2
BRDA:158,24,0,2
BRDA:158,24,1,2
BRDA:159,25,0,0
BRDA:159,25,1,2
BRDA:159,26,0,2
BRDA:159,26,1,2
BRDA:172,27,0,0
BRDA:172,27,1,0
BRDA:172,28,0,0
BRDA:172,28,1,0
BRDA:181,29,0,2
BRDA:181,29,1,0
BRDA:192,30,0,1
BRDA:192,30,1,1
BRDA:192,31,0,2
BRDA:192,31,1,2
BRDA:203,32,0,0
BRDA:203,32,1,2
BRDA:203,33,0,2
BRDA:203,33,1,2
BRDA:209,34,0,0
BRDA:209,34,1,0
BRDA:217,35,0,0
BRDA:217,35,1,0
BRDA:217,36,0,0
BRDA:217,36,1,0
BRDA:226,37,0,2
BRDA:226,37,1,0
BRDA:230,38,0,2
BRDA:230,38,1,0
BRDA:238,39,0,1
BRDA:238,39,1,1
BRDA:238,40,0,2
BRDA:238,40,1,2
BRDA:251,41,0,0
BRDA:251,41,1,4
BRDA:251,42,0,4
BRDA:251,42,1,4
BRDA:261,43,0,0
BRDA:261,43,1,0
BRDA:261,44,0,0
BRDA:261,44,1,0
BRDA:277,45,0,1
BRDA:277,45,1,1
BRDA:277,46,0,2
BRDA:277,46,1,2
BRDA:290,47,0,3
BRDA:290,47,1,3
BRDA:290,48,0,6
BRDA:290,48,1,3
BRDA:300,49,0,1
BRDA:300,49,1,1
BRDA:300,50,0,2
BRDA:300,50,1,2
BRDA:316,51,0,2
BRDA:316,51,1,1
BRDA:316,52,0,3
BRDA:316,52,1,3
BRF:104
BRH:80
end_of_record
TN:
SF:/Users/fleviankanaiza/Documents/cp2/cp2-document-management-system/server/controllers/authenticate.js
FN:9,(anonymous_1)
FN:51,(anonymous_2)
FN:72,(anonymous_3)
FN:78,(anonymous_4)
FNF:4
FNH:3
FNDA:69,(anonymous_1)
FNDA:64,(anonymous_2)
FNDA:24,(anonymous_3)
FNDA:0,(anonymous_4)
DA:1,1
DA:2,1
DA:3,1
DA:4,1
DA:5,1
DA:8,1
DA:10,69
DA:17,69
DA:18,1
DA:22,68
DA:23,68
DA:24,0
DA:29,68
DA:37,68
DA:48,0
DA:52,64
DA:53,64
DA:54,64
DA:55,64
DA:56,0
DA:60,64
DA:61,64
DA:65,0
DA:73,24
DA:74,24
DA:75,24
DA:79,0
DA:80,0
LF:28
LH:22
BRDA:17,1,0,1
BRDA:17,1,1,68
BRDA:22,2,0,68
BRDA:22,2,1,0
BRDA:23,3,0,0
BRDA:23,3,1,68
BRDA:52,4,0,64
BRDA:52,4,1,64
BRDA:52,4,2,64
BRDA:53,5,0,64
BRDA:53,5,1,0
BRDA:55,6,0,0
BRDA:55,6,1,64
BRDA:79,7,0,0
BRDA:79,7,1,0
BRF:15
BRH:9
end_of_record
