TN:
SF:/Users/fleviankanaiza/Documents/cp2/cp2-document-management-system/app.js
FNF:0
FNH:0
DA:1,1
DA:2,1
DA:3,1
DA:4,1
DA:5,1
DA:6,1
DA:9,1
DA:10,1
DA:11,1
DA:14,1
DA:16,1
DA:17,1
DA:20,1
DA:21,1
DA:23,1
DA:25,1
DA:26,1
LF:17
LH:17
BRDA:9,0,0,1
BRDA:9,0,1,1
BRDA:11,1,0,1
BRDA:11,1,1,0
BRF:4
BRH:3
end_of_record
TN:
SF:/Users/fleviankanaiza/Documents/cp2/cp2-document-management-system/server/controllers/authenticate.js
FN:34,(anonymous_0)
FN:64,(anonymous_1)
FN:70,(anonymous_2)
FNF:3
FNH:2
FNDA:96,(anonymous_0)
FNDA:0,(anonymous_1)
FNDA:89,(anonymous_2)
DA:1,1
DA:2,1
DA:3,1
DA:4,1
DA:5,1
DA:8,1
DA:11,99
DA:12,99
DA:13,99
DA:14,99
DA:15,99
DA:16,2
DA:19,97
DA:20,1
DA:23,96
DA:24,0
DA:28,96
DA:35,96
DA:36,1
DA:39,95
DA:40,95
DA:41,0
DA:45,95
DA:53,95
DA:64,0
DA:68,90
DA:69,90
DA:70,89
DA:71,89
DA:72,1
DA:76,88
DA:77,88
DA:81,1
DA:89,30
DA:90,30
DA:91,30
DA:95,1
DA:96,1
LF:38
LH:35
BRDA:15,0,0,2
BRDA:15,0,1,97
BRDA:19,1,0,1
BRDA:19,1,1,96
BRDA:23,2,0,0
BRDA:23,2,1,96
BRDA:35,3,0,1
BRDA:35,3,1,95
BRDA:39,4,0,95
BRDA:39,4,1,0
BRDA:40,5,0,0
BRDA:40,5,1,95
BRDA:68,6,0,90
BRDA:68,6,1,90
BRDA:68,6,2,90
BRDA:69,7,0,89
BRDA:69,7,1,1
BRDA:71,8,0,1
BRDA:71,8,1,88
BRDA:95,9,0,1
BRDA:95,9,1,0
BRF:21
BRH:17
end_of_record
TN:
SF:/Users/fleviankanaiza/Documents/cp2/cp2-document-management-system/server/controllers/document.js
FN:19,(anonymous_0)
FN:22,(anonymous_1)
FN:36,(anonymous_2)
FN:45,(anonymous_3)
FN:49,(anonymous_4)
FN:57,(anonymous_5)
FN:71,(anonymous_6)
FN:79,(anonymous_7)
FN:87,(anonymous_8)
FN:95,(anonymous_9)
FN:102,(anonymous_10)
FN:110,(anonymous_11)
FN:121,(anonymous_12)
FN:133,(anonymous_13)
FN:136,(anonymous_14)
FN:138,(anonymous_15)
FN:149,(anonymous_16)
FN:157,(anonymous_17)
FN:158,(anonymous_18)
FN:160,(anonymous_19)
FN:180,(anonymous_20)
FN:188,(anonymous_21)
FN:200,(anonymous_22)
FN:208,(anonymous_23)
FN:228,(anonymous_24)
FN:236,(anonymous_25)
FN:249,(anonymous_26)
FN:257,(anonymous_27)
FN:272,(anonymous_28)
FN:280,(anonymous_29)
FN:288,(anonymous_30)
FN:296,(anonymous_31)
FN:314,(anonymous_32)
FN:322,(anonymous_33)
FN:330,(anonymous_34)
FN:338,(anonymous_35)
FNF:36
FNH:28
FNDA:6,(anonymous_0)
FNDA:0,(anonymous_1)
FNDA:2,(anonymous_2)
FNDA:1,(anonymous_3)
FNDA:2,(anonymous_4)
FNDA:0,(anonymous_5)
FNDA:2,(anonymous_6)
FNDA:1,(anonymous_7)
FNDA:2,(anonymous_8)
FNDA:0,(anonymous_9)
FNDA:2,(anonymous_10)
FNDA:1,(anonymous_11)
FNDA:2,(anonymous_12)
FNDA:1,(anonymous_13)
FNDA:0,(anonymous_14)
FNDA:1,(anonymous_15)
FNDA:3,(anonymous_16)
FNDA:2,(anonymous_17)
FNDA:0,(anonymous_18)
FNDA:1,(anonymous_19)
FNDA:2,(anonymous_20)
FNDA:1,(anonymous_21)
FNDA:2,(anonymous_22)
FNDA:0,(anonymous_23)
FNDA:2,(anonymous_24)
FNDA:1,(anonymous_25)
FNDA:2,(anonymous_26)
FNDA:0,(anonymous_27)
FNDA:2,(anonymous_28)
FNDA:1,(anonymous_29)
FNDA:2,(anonymous_30)
FNDA:2,(anonymous_31)
FNDA:2,(anonymous_32)
FNDA:1,(anonymous_33)
FNDA:3,(anonymous_34)
FNDA:0,(anonymous_35)
DA:1,1
DA:2,1
DA:3,1
DA:5,1
DA:7,7
DA:8,1
DA:12,6
DA:19,6
DA:22,0
DA:26,10
DA:27,5
DA:28,3
DA:37,2
DA:38,1
DA:43,1
DA:45,1
DA:47,2
DA:50,2
DA:51,1
DA:55,1
DA:57,0
DA:59,5
DA:60,3
DA:72,2
DA:73,1
DA:77,1
DA:79,1
DA:81,2
DA:88,2
DA:89,1
DA:93,1
DA:95,0
DA:100,3
DA:103,2
DA:104,1
DA:108,1
DA:110,1
DA:114,3
DA:122,2
DA:123,1
DA:127,1
DA:133,1
DA:136,0
DA:138,1
DA:142,4
DA:150,3
DA:151,1
DA:155,2
DA:157,2
DA:158,0
DA:160,1
DA:164,10
DA:165,5
DA:166,3
DA:181,2
DA:182,1
DA:186,1
DA:188,1
DA:190,2
DA:191,2
DA:201,2
DA:202,1
DA:206,1
DA:208,0
DA:212,5
DA:213,3
DA:229,2
DA:230,1
DA:234,1
DA:236,1
DA:238,2
DA:239,2
DA:250,2
DA:251,1
DA:255,1
DA:257,0
DA:263,7
DA:264,3
DA:273,2
DA:274,1
DA:278,1
DA:280,1
DA:282,4
DA:289,2
DA:290,1
DA:294,1
DA:297,2
DA:302,6
DA:303,3
DA:315,2
DA:316,1
DA:320,1
DA:322,1
DA:324,3
DA:331,3
DA:332,2
DA:336,1
DA:338,0
LF:98
LH:90
BRDA:7,0,0,1
BRDA:7,0,1,6
BRDA:26,1,0,5
BRDA:26,1,1,5
BRDA:27,2,0,3
BRDA:27,2,1,2
BRDA:27,3,0,5
BRDA:27,3,1,2
BRDA:37,4,0,1
BRDA:37,4,1,1
BRDA:37,5,0,2
BRDA:37,5,1,2
BRDA:50,6,0,1
BRDA:50,6,1,1
BRDA:50,7,0,2
BRDA:50,7,1,2
BRDA:59,8,0,3
BRDA:59,8,1,2
BRDA:59,9,0,5
BRDA:59,9,1,2
BRDA:68,10,0,3
BRDA:68,10,1,0
BRDA:72,11,0,1
BRDA:72,11,1,1
BRDA:72,12,0,2
BRDA:72,12,1,2
BRDA:84,13,0,2
BRDA:84,13,1,0
BRDA:88,14,0,1
BRDA:88,14,1,1
BRDA:88,15,0,2
BRDA:88,15,1,2
BRDA:103,16,0,1
BRDA:103,16,1,1
BRDA:103,17,0,2
BRDA:103,17,1,1
BRDA:122,18,0,1
BRDA:122,18,1,1
BRDA:122,19,0,2
BRDA:122,19,1,1
BRDA:129,20,0,1
BRDA:129,20,1,0
BRDA:130,21,0,1
BRDA:130,21,1,0
BRDA:131,22,0,1
BRDA:131,22,1,0
BRDA:150,23,0,1
BRDA:150,23,1,2
BRDA:150,24,0,3
BRDA:150,24,1,2
BRDA:164,25,0,5
BRDA:164,25,1,5
BRDA:165,26,0,3
BRDA:165,26,1,2
BRDA:165,27,0,5
BRDA:165,27,1,2
BRDA:181,28,0,1
BRDA:181,28,1,1
BRDA:181,29,0,2
BRDA:181,29,1,2
BRDA:190,30,0,2
BRDA:190,30,1,0
BRDA:201,31,0,1
BRDA:201,31,1,1
BRDA:201,32,0,2
BRDA:201,32,1,2
BRDA:212,33,0,3
BRDA:212,33,1,2
BRDA:212,34,0,5
BRDA:212,34,1,2
BRDA:221,35,0,3
BRDA:221,35,1,0
BRDA:229,36,0,1
BRDA:229,36,1,1
BRDA:229,37,0,2
BRDA:229,37,1,2
BRDA:238,38,0,2
BRDA:238,38,1,0
BRDA:242,39,0,2
BRDA:242,39,1,0
BRDA:250,40,0,1
BRDA:250,40,1,1
BRDA:250,41,0,2
BRDA:250,41,1,2
BRDA:263,42,0,3
BRDA:263,42,1,4
BRDA:263,43,0,7
BRDA:263,43,1,4
BRDA:273,44,0,1
BRDA:273,44,1,1
BRDA:273,45,0,2
BRDA:273,45,1,2
BRDA:289,46,0,1
BRDA:289,46,1,1
BRDA:289,47,0,2
BRDA:289,47,1,2
BRDA:302,48,0,3
BRDA:302,48,1,3
BRDA:302,49,0,6
BRDA:302,49,1,3
BRDA:315,50,0,1
BRDA:315,50,1,1
BRDA:315,51,0,2
BRDA:315,51,1,2
BRDA:331,52,0,2
BRDA:331,52,1,1
BRDA:331,53,0,3
BRDA:331,53,1,3
BRF:108
BRH:99
end_of_record
TN:
SF:/Users/fleviankanaiza/Documents/cp2/cp2-document-management-system/server/controllers/index.js
FNF:0
FNH:0
DA:1,1
DA:2,1
DA:3,1
DA:4,1
DA:6,1
LF:5
LH:5
BRF:0
BRH:0
end_of_record
TN:
SF:/Users/fleviankanaiza/Documents/cp2/cp2-document-management-system/server/controllers/inputValidate.js
FN:9,(anonymous_0)
FN:11,(anonymous_1)
FNF:2
FNH:2
FNDA:17,(anonymous_0)
FNDA:65,(anonymous_1)
DA:11,17
DA:12,65
DA:13,5
DA:16,17
DA:17,2
DA:22,1
LF:6
LH:6
BRDA:12,0,0,5
BRDA:12,0,1,60
BRDA:12,1,0,65
BRDA:12,1,1,60
BRDA:16,2,0,2
BRDA:16,2,1,15
BRF:6
BRH:6
end_of_record
TN:
SF:/Users/fleviankanaiza/Documents/cp2/cp2-document-management-system/server/controllers/role.js
FN:15,(anonymous_0)
FN:18,(anonymous_1)
FN:30,(anonymous_2)
FN:38,(anonymous_3)
FN:42,(anonymous_4)
FN:43,(anonymous_5)
FN:58,(anonymous_6)
FN:66,(anonymous_7)
FN:67,(anonymous_8)
FN:69,(anonymous_9)
FN:85,(anonymous_10)
FN:93,(anonymous_11)
FN:103,(anonymous_12)
FN:111,(anonymous_13)
FNF:14
FNH:10
FNDA:2,(anonymous_0)
FNDA:1,(anonymous_1)
FNDA:2,(anonymous_2)
FNDA:1,(anonymous_3)
FNDA:1,(anonymous_4)
FNDA:0,(anonymous_5)
FNDA:2,(anonymous_6)
FNDA:1,(anonymous_7)
FNDA:0,(anonymous_8)
FNDA:0,(anonymous_9)
FNDA:2,(anonymous_10)
FNDA:1,(anonymous_11)
FNDA:2,(anonymous_12)
FNDA:0,(anonymous_13)
DA:1,1
DA:2,1
DA:4,1
DA:6,3
DA:7,0
DA:11,3
DA:15,2
DA:18,1
DA:24,4
DA:25,3
DA:31,2
DA:32,1
DA:36,1
DA:38,1
DA:40,1
DA:42,1
DA:43,0
DA:47,4
DA:48,1
DA:51,3
DA:52,1
DA:56,2
DA:59,2
DA:60,1
DA:64,1
DA:66,1
DA:67,0
DA:69,0
DA:73,5
DA:74,5
DA:75,3
DA:86,2
DA:87,1
DA:91,1
DA:93,1
DA:95,2
DA:104,2
DA:105,1
DA:109,1
DA:111,0
LF:40
LH:35
BRDA:6,0,0,0
BRDA:6,0,1,3
BRDA:24,1,0,3
BRDA:24,1,1,1
BRDA:24,2,0,4
BRDA:24,2,1,1
BRDA:31,3,0,1
BRDA:31,3,1,1
BRDA:31,4,0,2
BRDA:31,4,1,2
BRDA:47,5,0,1
BRDA:47,5,1,3
BRDA:51,6,0,1
BRDA:51,6,1,2
BRDA:59,7,0,1
BRDA:59,7,1,1
BRDA:73,8,0,5
BRDA:73,8,1,0
BRDA:74,9,0,3
BRDA:74,9,1,2
BRDA:74,10,0,5
BRDA:74,10,1,2
BRDA:86,11,0,1
BRDA:86,11,1,1
BRDA:86,12,0,2
BRDA:86,12,1,2
BRDA:104,13,0,1
BRDA:104,13,1,1
BRDA:104,14,0,2
BRDA:104,14,1,2
BRF:30
BRH:28
end_of_record
TN:
SF:/Users/fleviankanaiza/Documents/cp2/cp2-document-management-system/server/controllers/user.js
FN:33,(anonymous_0)
FN:36,(anonymous_1)
FN:49,(anonymous_2)
FN:57,(anonymous_3)
FN:61,(anonymous_4)
FN:62,(anonymous_5)
FN:69,(anonymous_6)
FN:77,(anonymous_7)
FN:88,(anonymous_8)
FN:103,(anonymous_9)
FN:106,(anonymous_10)
FN:108,(anonymous_11)
FN:119,(anonymous_12)
FN:127,(anonymous_13)
FN:128,(anonymous_14)
FN:130,(anonymous_15)
FN:149,(anonymous_16)
FN:157,(anonymous_17)
FN:170,(anonymous_18)
FN:178,(anonymous_19)
FNF:20
FNH:17
FNDA:3,(anonymous_0)
FNDA:1,(anonymous_1)
FNDA:2,(anonymous_2)
FNDA:1,(anonymous_3)
FNDA:1,(anonymous_4)
FNDA:0,(anonymous_5)
FNDA:2,(anonymous_6)
FNDA:1,(anonymous_7)
FNDA:3,(anonymous_8)
FNDA:1,(anonymous_9)
FNDA:1,(anonymous_10)
FNDA:1,(anonymous_11)
FNDA:2,(anonymous_12)
FNDA:1,(anonymous_13)
FNDA:0,(anonymous_14)
FNDA:1,(anonymous_15)
FNDA:2,(anonymous_16)
FNDA:1,(anonymous_17)
FNDA:2,(anonymous_18)
FNDA:0,(anonymous_19)
DA:1,1
DA:2,1
DA:3,1
DA:5,1
DA:7,1
DA:9,7
DA:10,7
DA:11,7
DA:12,1
DA:15,6
DA:16,1
DA:19,5
DA:20,1
DA:24,4
DA:33,3
DA:36,1
DA:42,4
DA:43,3
DA:50,2
DA:51,1
DA:55,1
DA:57,1
DA:59,1
DA:61,1
DA:62,0
DA:66,3
DA:70,2
DA:71,1
DA:75,1
DA:77,1
DA:81,5
DA:82,1
DA:86,4
DA:89,3
DA:90,1
DA:94,2
DA:103,1
DA:106,1
DA:108,1
DA:112,4
DA:113,1
DA:117,3
DA:120,2
DA:121,1
DA:125,1
DA:127,1
DA:128,0
DA:130,1
DA:134,5
DA:135,5
DA:136,3
DA:150,2
DA:151,1
DA:155,1
DA:157,1
DA:159,2
DA:171,2
DA:172,1
DA:176,1
DA:178,0
LF:60
LH:57
BRDA:11,0,0,1
BRDA:11,0,1,6
BRDA:15,1,0,1
BRDA:15,1,1,5
BRDA:19,2,0,1
BRDA:19,2,1,4
BRDA:42,3,0,3
BRDA:42,3,1,1
BRDA:42,4,0,4
BRDA:42,4,1,1
BRDA:50,5,0,1
BRDA:50,5,1,1
BRDA:50,6,0,2
BRDA:50,6,1,2
BRDA:70,7,0,1
BRDA:70,7,1,1
BRDA:70,8,0,2
BRDA:70,8,1,1
BRDA:81,9,0,1
BRDA:81,9,1,4
BRDA:89,10,0,1
BRDA:89,10,1,2
BRDA:89,11,0,3
BRDA:89,11,1,2
BRDA:96,12,0,2
BRDA:96,12,1,0
BRDA:97,13,0,2
BRDA:97,13,1,0
BRDA:98,14,0,2
BRDA:98,14,1,0
BRDA:99,15,0,2
BRDA:99,15,1,0
BRDA:100,16,0,2
BRDA:100,16,1,0
BRDA:101,17,0,2
BRDA:101,17,1,0
BRDA:112,18,0,1
BRDA:112,18,1,3
BRDA:120,19,0,1
BRDA:120,19,1,1
BRDA:120,20,0,2
BRDA:120,20,1,1
BRDA:134,21,0,5
BRDA:134,21,1,0
BRDA:135,22,0,3
BRDA:135,22,1,2
BRDA:135,23,0,5
BRDA:135,23,1,2
BRDA:150,24,0,1
BRDA:150,24,1,1
BRDA:150,25,0,2
BRDA:150,25,1,2
BRDA:171,26,0,1
BRDA:171,26,1,1
BRDA:171,27,0,2
BRDA:171,27,1,2
BRF:56
BRH:49
end_of_record
TN:
SF:/Users/fleviankanaiza/Documents/cp2/cp2-document-management-system/server/models/document.js
FN:2,(anonymous_0)
FN:19,(anonymous_1)
FNF:2
FNH:2
FNDA:1,(anonymous_0)
FNDA:1,(anonymous_1)
DA:2,1
DA:3,1
DA:21,1
DA:28,1
LF:4
LH:4
BRF:0
BRH:0
end_of_record
TN:
SF:/Users/fleviankanaiza/Documents/cp2/cp2-document-management-system/server/models/index.js
FN:20,(anonymous_0)
FN:24,(anonymous_1)
FN:29,(anonymous_2)
FNF:3
FNH:3
FNDA:5,(anonymous_0)
FNDA:3,(anonymous_1)
FNDA:3,(anonymous_2)
DA:1,1
DA:2,1
DA:3,1
DA:4,1
DA:5,1
DA:6,1
DA:7,1
DA:10,1
DA:11,0
DA:13,1
DA:18,1
DA:21,5
DA:25,3
DA:26,3
DA:29,1
DA:30,3
DA:31,3
DA:35,1
DA:36,1
DA:38,1
LF:20
LH:19
BRDA:5,0,0,1
BRDA:5,0,1,0
BRDA:10,1,0,0
BRDA:10,1,1,1
BRDA:21,2,0,5
BRDA:21,2,1,4
BRDA:21,2,2,3
BRDA:30,3,0,3
BRDA:30,3,1,0
BRF:9
BRH:6
end_of_record
TN:
SF:/Users/fleviankanaiza/Documents/cp2/cp2-document-management-system/server/models/role.js
FN:2,(anonymous_0)
FN:12,(anonymous_1)
FNF:2
FNH:2
FNDA:1,(anonymous_0)
FNDA:1,(anonymous_1)
DA:2,1
DA:3,1
DA:14,1
DA:21,1
LF:4
LH:4
BRF:0
BRH:0
end_of_record
TN:
SF:/Users/fleviankanaiza/Documents/cp2/cp2-document-management-system/server/models/user.js
FN:2,(anonymous_0)
FN:32,(anonymous_1)
FNF:2
FNH:2
FNDA:1,(anonymous_0)
FNDA:1,(anonymous_1)
DA:2,1
DA:3,1
DA:34,1
DA:38,1
DA:45,1
LF:5
LH:5
BRF:0
BRH:0
end_of_record
TN:
SF:/Users/fleviankanaiza/Documents/cp2/cp2-document-management-system/server/routes/route.js
FN:9,(anonymous_0)
FNF:1
FNH:1
FNDA:1,(anonymous_0)
DA:1,1
DA:2,1
DA:3,1
DA:4,1
DA:6,1
DA:7,1
DA:9,1
DA:10,1
DA:11,1
DA:13,1
DA:15,1
DA:16,1
DA:17,1
DA:18,1
DA:19,1
DA:20,1
DA:21,1
DA:22,1
DA:25,1
DA:26,1
DA:28,1
DA:30,1
DA:32,1
DA:33,1
DA:34,1
DA:35,1
DA:37,1
DA:38,1
DA:39,1
DA:41,1
LF:30
LH:30
BRF:0
BRH:0
end_of_record
